[2025-08-31 16:08:02,739][INFO ] -> Label manipulation: renaming labels: {'week': 'Date'}
[2025-08-31 16:08:02,741][INFO ] -> Cleaning Dataset ...
[2025-08-31 16:08:02,749][DEBUG] Checking for Missing Values ...
Date                       0
complaints                 0
discount_rate              0
small_commercial_event     0
medium_commercial_event    0
big_commercial_event       0
dtype: int64
[2025-08-31 16:08:02,755][DEBUG] Parsing 'Date' column => datetime64[ns]
[2025-08-31 16:08:02,755][DEBUG] Setting 'Date' column as the index
[2025-08-31 16:08:02,757][INFO ] -> Exploring the data
[2025-08-31 16:08:02,757][DEBUG] data shape > (261, 5)
[2025-08-31 16:08:02,757][DEBUG] =============[Data Info]================
[2025-08-31 16:08:02,778][DEBUG] Resampling data monthly
[2025-08-31 16:08:02,778][DEBUG] Ploting `quarter_plot` ...
[2025-08-31 16:08:02,798][DEBUG] Setting Index freq to  weekly starting from monday ...
[2025-08-31 16:08:02,823][DEBUG] data index:
DatetimeIndex(['2018-01-01', '2018-01-08', '2018-01-15', '2018-01-22',
               '2018-01-29', '2018-02-05', '2018-02-12', '2018-02-19',
               '2018-02-26', '2018-03-05',
               ...
               '2022-10-24', '2022-10-31', '2022-11-07', '2022-11-14',
               '2022-11-21', '2022-11-28', '2022-12-05', '2022-12-12',
               '2022-12-19', '2022-12-26'],
              dtype='datetime64[ns]', name='Date', length=261, freq='W-MON')
[2025-08-31 16:08:02,824][DEBUG] Seasonal Decomposition plot...
[2025-08-31 16:08:02,824][DEBUG] Auto-Correlation function plot ...
[2025-08-31 16:08:02,824][DEBUG] Partial Auto-Correlation function plot ...
[2025-08-31 16:08:03,116][INFO ] -> Creating Features ...
