[2025-08-28 16:38:48,332][INFO ] -> Loading ./data/raw/raw_data.csv ...
[2025-08-28 16:38:48,365][INFO ] -> Saving processed data ./data/processed/processed_data.csv ...
[2025-08-28 16:38:48,418][INFO ] -> Data Loader: Train-Test Spliting ...
[2025-08-28 16:38:48,428][INFO ] train_set:
                    Open          High           Low         Close     Adj Close       Volume
Date                                                                                         
2014-09-17    465.864014    468.174011    452.421997    457.334015    457.334015     21056800
2014-09-18    456.859985    456.859985    413.104004    424.440002    424.440002     34483200
2014-09-19    424.102997    427.834991    384.532013    394.795990    394.795990     37919700
2014-09-20    394.673004    423.295990    389.882996    408.903992    408.903992     36863600
2014-09-21    408.084991    412.425995    393.181000    398.821014    398.821014     26580100
...                  ...           ...           ...           ...           ...          ...
2023-12-19  42641.511719  43354.296875  41826.335938  42270.527344  42270.527344  23171001281
2023-12-20  42261.300781  44275.585938  42223.816406  43652.250000  43652.250000  27868908174
2023-12-21  43648.125000  44240.667969  43330.050781  43869.152344  43869.152344  22452766169
2023-12-22  43868.988281  44367.957031  43441.968750  43997.902344  43997.902344  21028503216
2023-12-23  44012.199219  44015.699219  43351.355469  43739.542969  43739.542969  13507796558

[3385 rows x 6 columns]
[2025-08-28 16:38:48,436][INFO ] test_set:
                    Open          High           Low         Close     Adj Close       Volume
Date                                                                                         
2023-12-24  43728.367188  43945.523438  42786.917969  43016.117188  43016.117188  18830554085
2023-12-25  43010.574219  43765.093750  42765.769531  43613.140625  43613.140625  21115795370
2023-12-26  43599.847656  43603.175781  41676.488281  42520.402344  42520.402344  30026850982
2023-12-27  42518.468750  43683.160156  42167.582031  43442.855469  43442.855469  25260941032
2023-12-28  43468.199219  43804.781250  42318.550781  42627.855469  42627.855469  22992093014
2023-12-29  42614.644531  43124.324219  41424.062500  42099.402344  42099.402344  26000021055
2023-12-30  42091.753906  42584.125000  41556.226562  42156.902344  42156.902344  16013925945
